<?xml version="1.0" encoding="UTF-8"?>
<testng-results ignored="0" total="1" passed="1" failed="0" skipped="0">
  <reporter-output>
  </reporter-output>
  <suite started-at="2025-03-25T13:10:55 IST" name="Default suite" finished-at="2025-03-25T13:10:59 IST" duration-ms="3705">
    <groups>
    </groups>
    <test started-at="2025-03-25T13:10:55 IST" name="Default test" finished-at="2025-03-25T13:10:59 IST" duration-ms="3705">
      <class name="RestAssured.TestingAPI.AddPlace">
        <test-method signature="add_place_payload_with()[pri:0, instance:RestAssured.TestingAPI.AddPlace@5b8dfcc1]" started-at="2025-03-25T13:10:55 IST" name="add_place_payload_with" finished-at="2025-03-25T13:10:59 IST" duration-ms="3647" status="PASS">
          <reporter-output>
          </reporter-output>
        </test-method> <!-- add_place_payload_with -->
      </class> <!-- RestAssured.TestingAPI.AddPlace -->
    </test> <!-- Default test -->
  </suite> <!-- Default suite -->
</testng-results>
